Watching for file changes with StatReloader
[01/Oct/2023 19:31:02] "GET /contacto/ HTTP/1.1" 200 2905
[01/Oct/2023 19:31:02] "GET /static/css/style.css HTTP/1.1" 304 0
[01/Oct/2023 19:31:02] "GET /static/css/normalize.css HTTP/1.1" 304 0
[01/Oct/2023 19:31:02] "GET /static/imagenes/catrina.png HTTP/1.1" 304 0
[01/Oct/2023 19:31:47] "GET /contacto/ HTTP/1.1" 200 2905
[01/Oct/2023 19:31:48] "GET /contacto/ HTTP/1.1" 200 2905
[01/Oct/2023 19:31:48] "GET /contacto/ HTTP/1.1" 200 2905
[01/Oct/2023 19:31:49] "GET /contacto/ HTTP/1.1" 200 2905
[01/Oct/2023 19:31:49] "GET /contacto/ HTTP/1.1" 200 2905
[01/Oct/2023 19:31:49] "GET /contacto/ HTTP/1.1" 200 2905
[01/Oct/2023 19:31:50] "GET /contacto/ HTTP/1.1" 200 2905
[01/Oct/2023 19:31:50] "GET /contacto/ HTTP/1.1" 200 2905
[01/Oct/2023 19:31:50] "GET /contacto/ HTTP/1.1" 200 2905
[01/Oct/2023 19:31:50] "GET /contacto/ HTTP/1.1" 200 2905
[01/Oct/2023 19:31:50] "GET /contacto/ HTTP/1.1" 200 2905
[01/Oct/2023 19:31:51] "GET /contacto/ HTTP/1.1" 200 2905
[01/Oct/2023 19:55:03] "GET /contacto/ HTTP/1.1" 200 2905
[01/Oct/2023 19:55:03] "GET /static/css/style.css HTTP/1.1" 304 0
[01/Oct/2023 19:55:03] "GET /static/css/normalize.css HTTP/1.1" 304 0
[01/Oct/2023 19:55:03] "GET /static/imagenes/catrina.png HTTP/1.1" 304 0
[01/Oct/2023 20:05:22] "GET /contacto/ HTTP/1.1" 200 2905
[01/Oct/2023 20:05:22] "GET /static/css/style.css HTTP/1.1" 304 0
[01/Oct/2023 20:05:22] "GET /static/css/normalize.css HTTP/1.1" 304 0
[01/Oct/2023 20:05:22] "GET /static/imagenes/catrina.png HTTP/1.1" 304 0
[01/Oct/2023 20:05:46] "GET /contacto/ HTTP/1.1" 200 2905
[01/Oct/2023 20:05:46] "GET /contacto/ HTTP/1.1" 200 2905
[01/Oct/2023 20:05:47] "GET /contacto/ HTTP/1.1" 200 2905
